0 info it worked if it ends with ok
1 verbose cli [ '/Users/mairan/.nvm/versions/node/v6.5.0/bin/node',
1 verbose cli   '/Users/mairan/.nvm/versions/node/v6.5.0/bin/npm',
1 verbose cli   'start' ]
2 info using npm@3.10.3
3 info using node@v6.5.0
4 verbose run-script [ 'prestart', 'start', 'poststart' ]
5 info lifecycle heasarc@0.0.0~prestart: heasarc@0.0.0
6 silly lifecycle heasarc@0.0.0~prestart: no script for prestart, continuing
7 info lifecycle heasarc@0.0.0~start: heasarc@0.0.0
8 verbose lifecycle heasarc@0.0.0~start: unsafe-perm in lifecycle true
9 verbose lifecycle heasarc@0.0.0~start: PATH: /Users/mairan/.nvm/versions/node/v6.5.0/lib/node_modules/npm/bin/node-gyp-bin:/Users/mairan/Dropbox/HTML/HEASARC/server/heasarc/node_modules/.bin:/Users/mairan/.nvm/versions/node/v6.5.0/bin:/Users/mairan/.nvm/versions/node/v6.5.0/bin:/Users/mairan/.pyenv/shims:/Library/Frameworks/R.framework/Resources/bin:/usr/local/bin:/Users/mairan/bin:/Library/Frameworks/Python.framework/Versions/2.7/bin:/usr/local/bin:/usr/bin:/bin:/usr/sbin:/sbin:/opt/X11/bin:/usr/local/go/bin:/Library/TeX/texbin:/Users/mairan/.pyenv/shims:/Library/Frameworks/R.framework/Resources/bin:/Users/mairan/bin:/Library/Frameworks/Python.framework/Versions/2.7/bin:/Users/mairan/.gem/ruby/2.0.0/bin
10 verbose lifecycle heasarc@0.0.0~start: CWD: /Users/mairan/Dropbox/HTML/HEASARC/server/heasarc
11 silly lifecycle heasarc@0.0.0~start: Args: [ '-c', 'node ./bin/www' ]
12 silly lifecycle heasarc@0.0.0~start: Returned: code: 1  signal: null
13 info lifecycle heasarc@0.0.0~start: Failed to exec start script
14 verbose stack Error: heasarc@0.0.0 start: `node ./bin/www`
14 verbose stack Exit status 1
14 verbose stack     at EventEmitter.<anonymous> (/Users/mairan/.nvm/versions/node/v6.5.0/lib/node_modules/npm/lib/utils/lifecycle.js:242:16)
14 verbose stack     at emitTwo (events.js:106:13)
14 verbose stack     at EventEmitter.emit (events.js:191:7)
14 verbose stack     at ChildProcess.<anonymous> (/Users/mairan/.nvm/versions/node/v6.5.0/lib/node_modules/npm/lib/utils/spawn.js:40:14)
14 verbose stack     at emitTwo (events.js:106:13)
14 verbose stack     at ChildProcess.emit (events.js:191:7)
14 verbose stack     at maybeClose (internal/child_process.js:877:16)
14 verbose stack     at Process.ChildProcess._handle.onexit (internal/child_process.js:226:5)
15 verbose pkgid heasarc@0.0.0
16 verbose cwd /Users/mairan/Dropbox/HTML/HEASARC/server/heasarc
17 error Darwin 16.1.0
18 error argv "/Users/mairan/.nvm/versions/node/v6.5.0/bin/node" "/Users/mairan/.nvm/versions/node/v6.5.0/bin/npm" "start"
19 error node v6.5.0
20 error npm  v3.10.3
21 error code ELIFECYCLE
22 error heasarc@0.0.0 start: `node ./bin/www`
22 error Exit status 1
23 error Failed at the heasarc@0.0.0 start script 'node ./bin/www'.
23 error Make sure you have the latest version of node.js and npm installed.
23 error If you do, this is most likely a problem with the heasarc package,
23 error not with npm itself.
23 error Tell the author that this fails on your system:
23 error     node ./bin/www
23 error You can get information on how to open an issue for this project with:
23 error     npm bugs heasarc
23 error Or if that isn't available, you can get their info via:
23 error     npm owner ls heasarc
23 error There is likely additional logging output above.
24 verbose exit [ 1, true ]
